<?xml version="1.0" encoding="UTF-8"?>
<!-- Generated by org.testng.reporters.JUnitReportReporter -->
<testsuite hostname="DESKTOP-V0D06AI" failures="0" tests="1" name="Cadrepackage.Event_scroll" time="23.532" errors="0" timestamp="2020-12-04T19:26:48 IST" skipped="0">
  <testcase classname="Cadrepackage.Event_scroll" name="login_pl" time="23.532"/>
  <system-out/>
</testsuite> <!-- Cadrepackage.Event_scroll -->
