<?xml version="1.0" encoding="UTF-8"?>
<!-- Generated by org.testng.reporters.JUnitReportReporter -->
<testsuite hostname="DESKTOP-V0D06AI" failures="0" tests="1" name="Cadrepackage.PL_Create_Event" time="44.831" errors="0" timestamp="2020-03-11T19:03:58 IST" skipped="0">
  <testcase classname="Cadrepackage.PL_Create_Event" name="Create_Event" time="44.831"/>
</testsuite> <!-- Cadrepackage.PL_Create_Event -->
