<?xml version="1.0" encoding="UTF-8"?>
<!-- Generated by org.testng.reporters.JUnitReportReporter -->
<testsuite hostname="DESKTOP-V0D06AI" failures="0" tests="4" name="Cadrepackage.invite" time="109.348" errors="0" timestamp="2020-03-20T21:03:43 IST" skipped="0">
  <testcase classname="Cadrepackage.invite" name="invite_TD" time="46.259"/>
  <testcase classname="Cadrepackage.invite" name="TD_invite" time="38.108"/>
  <testcase classname="Cadrepackage.invite" name="Edit_update_bids" time="2.144"/>
  <testcase classname="Cadrepackage.invite" name="withdraw_bids" time="22.837"/>
</testsuite> <!-- Cadrepackage.invite -->
