<?xml version="1.0" encoding="UTF-8"?>
<!-- Generated by org.testng.reporters.JUnitReportReporter -->
<testsuite hostname="DESKTOP-V0D06AI" failures="0" tests="1" name="Cadrepackage.Cadre_Register_planner" time="28.095" errors="0" timestamp="2021-11-11T11:46:52 IST" skipped="0">
  <testcase classname="Cadrepackage.Cadre_Register_planner" name="Register_PL" time="28.095"/>
  <system-out/>
</testsuite> <!-- Cadrepackage.Cadre_Register_planner -->
