<?xml version="1.0" encoding="UTF-8"?>
<!-- Generated by org.testng.reporters.JUnitReportReporter -->
<testsuite hostname="DESKTOP-V0D06AI" failures="0" tests="12" name="Cadrepackage.Cadre_cycle_3" time="41.200" errors="0" timestamp="2020-04-27T21:18:44 IST" skipped="10">
  <testcase classname="Cadrepackage.Cadre_cycle_3" name="login" time="33.204"/>
  <testcase classname="Cadrepackage.Cadre_cycle_3" name="Leave_feedback" time="7.996"/>
  <testcase classname="Cadrepackage.Cadre_cycle_3" name="Submit_expense">
    <skipped/>
  </testcase> <!-- Submit_expense -->
  <testcase classname="Cadrepackage.Cadre_cycle_3" name="withdraw_Expense">
    <skipped/>
  </testcase> <!-- withdraw_Expense -->
  <testcase classname="Cadrepackage.Cadre_cycle_3" name="Approve_expense">
    <skipped/>
  </testcase> <!-- Approve_expense -->
  <testcase classname="Cadrepackage.Cadre_cycle_3" name="ADD_Expense_Mileage">
    <skipped/>
  </testcase> <!-- ADD_Expense_Mileage -->
  <testcase classname="Cadrepackage.Cadre_cycle_3" name="ADD_Expense_4">
    <skipped/>
  </testcase> <!-- ADD_Expense_4 -->
  <testcase classname="Cadrepackage.Cadre_cycle_3" name="ADD_Expense_3">
    <skipped/>
  </testcase> <!-- ADD_Expense_3 -->
  <testcase classname="Cadrepackage.Cadre_cycle_3" name="Edit_Update_Expense">
    <skipped/>
  </testcase> <!-- Edit_Update_Expense -->
  <testcase classname="Cadrepackage.Cadre_cycle_3" name="ADD_Expense1">
    <skipped/>
  </testcase> <!-- ADD_Expense1 -->
  <testcase classname="Cadrepackage.Cadre_cycle_3" name="ADD_Expense2">
    <skipped/>
  </testcase> <!-- ADD_Expense2 -->
  <testcase classname="Cadrepackage.Cadre_cycle_3" name="TD_view_itinerary">
    <skipped/>
  </testcase> <!-- TD_view_itinerary -->
</testsuite> <!-- Cadrepackage.Cadre_cycle_3 -->
